Release 13.4 - xst O.87xd (lin64)
Copyright (c) 1995-2011 Xilinx, Inc.  All rights reserved.
--> 
Parameter TMPDIR set to xst/projnav.tmp


Total REAL time to Xst completion: 0.00 secs
Total CPU time to Xst completion: 0.08 secs
 
--> 
Parameter xsthdpdir set to xst


Total REAL time to Xst completion: 0.00 secs
Total CPU time to Xst completion: 0.08 secs
 
--> 
Reading design: alu.prj

TABLE OF CONTENTS
  1) Synthesis Options Summary
  2) HDL Parsing
  3) HDL Elaboration
  4) HDL Synthesis
       4.1) HDL Synthesis Report
  5) Advanced HDL Synthesis
       5.1) Advanced HDL Synthesis Report
  6) Low Level Synthesis
  7) Partition Report
  8) Design Summary
       8.1) Primitive and Black Box Usage
       8.2) Device utilization summary
       8.3) Partition Resource Summary
       8.4) Timing Report
            8.4.1) Clock Information
            8.4.2) Asynchronous Control Signals Information
            8.4.3) Timing Summary
            8.4.4) Timing Details
            8.4.5) Cross Clock Domains Report


=========================================================================
*                      Synthesis Options Summary                        *
=========================================================================
---- Source Parameters
Input File Name                    : "alu.prj"
Ignore Synthesis Constraint File   : NO

---- Target Parameters
Output File Name                   : "alu"
Output Format                      : NGC
Target Device                      : xc6slx16-3-csg324

---- Source Options
Top Module Name                    : alu
Automatic FSM Extraction           : YES
FSM Encoding Algorithm             : Auto
Safe Implementation                : No
FSM Style                          : LUT
RAM Extraction                     : Yes
RAM Style                          : Auto
ROM Extraction                     : Yes
Shift Register Extraction          : YES
ROM Style                          : Auto
Resource Sharing                   : YES
Asynchronous To Synchronous        : NO
Shift Register Minimum Size        : 2
Use DSP Block                      : Auto
Automatic Register Balancing       : No

---- Target Options
LUT Combining                      : Auto
Reduce Control Sets                : Auto
Add IO Buffers                     : YES
Global Maximum Fanout              : 100000
Add Generic Clock Buffer(BUFG)     : 16
Register Duplication               : YES
Optimize Instantiated Primitives   : NO
Use Clock Enable                   : Auto
Use Synchronous Set                : Auto
Use Synchronous Reset              : Auto
Pack IO Registers into IOBs        : Auto
Equivalent register Removal        : YES

---- General Options
Optimization Goal                  : Speed
Optimization Effort                : 1
Power Reduction                    : NO
Keep Hierarchy                     : No
Netlist Hierarchy                  : As_Optimized
RTL Output                         : Yes
Global Optimization                : AllClockNets
Read Cores                         : YES
Write Timing Constraints           : NO
Cross Clock Analysis               : NO
Hierarchy Separator                : /
Bus Delimiter                      : <>
Case Specifier                     : Maintain
Slice Utilization Ratio            : 100
BRAM Utilization Ratio             : 100
DSP48 Utilization Ratio            : 100
Auto BRAM Packing                  : NO
Slice Utilization Ratio Delta      : 5

=========================================================================

INFO:Xst - Part-select index evaluated to out of bound value may lead to incorrect synthesis results; it is recommended not to use them in RTL

=========================================================================
*                          HDL Parsing                                  *
=========================================================================
Parsing VHDL file "/home/erpeldin/Documents/4IR/S8/ProjetSystemInfo/processeur/PSI_processor/alu.vhd" into library work
Parsing entity <alu>.
Parsing architecture <Behavioral> of entity <alu>.
ERROR:HDLCompiler:69 - "/home/erpeldin/Documents/4IR/S8/ProjetSystemInfo/processeur/PSI_processor/alu.vhd" Line 63: <ctrl_alu> is not declared.
ERROR:HDLCompiler:69 - "/home/erpeldin/Documents/4IR/S8/ProjetSystemInfo/processeur/PSI_processor/alu.vhd" Line 64: <ctrl_alu> is not declared.
ERROR:HDLCompiler:69 - "/home/erpeldin/Documents/4IR/S8/ProjetSystemInfo/processeur/PSI_processor/alu.vhd" Line 65: <ctrl_alu> is not declared.
ERROR:HDLCompiler:69 - "/home/erpeldin/Documents/4IR/S8/ProjetSystemInfo/processeur/PSI_processor/alu.vhd" Line 66: <ctrl_alu> is not declared.
ERROR:HDLCompiler:69 - "/home/erpeldin/Documents/4IR/S8/ProjetSystemInfo/processeur/PSI_processor/alu.vhd" Line 67: <ctrl_alu> is not declared.
ERROR:HDLCompiler:69 - "/home/erpeldin/Documents/4IR/S8/ProjetSystemInfo/processeur/PSI_processor/alu.vhd" Line 68: <ctrl_alu> is not declared.
ERROR:HDLCompiler:69 - "/home/erpeldin/Documents/4IR/S8/ProjetSystemInfo/processeur/PSI_processor/alu.vhd" Line 62: <ctrl_alu> is not declared.
ERROR:HDLCompiler:1728 - "/home/erpeldin/Documents/4IR/S8/ProjetSystemInfo/processeur/PSI_processor/alu.vhd" Line 66: Type error near s_equ ; current type std_logic; expected type std_logic_vector
ERROR:HDLCompiler:1728 - "/home/erpeldin/Documents/4IR/S8/ProjetSystemInfo/processeur/PSI_processor/alu.vhd" Line 67: Type error near s_inf ; current type std_logic; expected type std_logic_vector
ERROR:HDLCompiler:1728 - "/home/erpeldin/Documents/4IR/S8/ProjetSystemInfo/processeur/PSI_processor/alu.vhd" Line 68: Type error near s_sup ; current type std_logic; expected type std_logic_vector
ERROR:HDLCompiler:1731 - "/home/erpeldin/Documents/4IR/S8/ProjetSystemInfo/processeur/PSI_processor/alu.vhd" Line 72: found '0' definitions of operator "+", cannot determine exact overloaded matching definition for "+"
ERROR:HDLCompiler:1731 - "/home/erpeldin/Documents/4IR/S8/ProjetSystemInfo/processeur/PSI_processor/alu.vhd" Line 73: found '0' definitions of operator "-", cannot determine exact overloaded matching definition for "-"
ERROR:HDLCompiler:1731 - "/home/erpeldin/Documents/4IR/S8/ProjetSystemInfo/processeur/PSI_processor/alu.vhd" Line 74: found '0' definitions of operator "*", cannot determine exact overloaded matching definition for "*"
ERROR:HDLCompiler:1731 - "/home/erpeldin/Documents/4IR/S8/ProjetSystemInfo/processeur/PSI_processor/alu.vhd" Line 75: found '0' definitions of operator "/", cannot determine exact overloaded matching definition for "/"
ERROR:HDLCompiler:69 - "/home/erpeldin/Documents/4IR/S8/ProjetSystemInfo/processeur/PSI_processor/alu.vhd" Line 77: <ctrl_alu> is not declared.
ERROR:HDLCompiler:69 - "/home/erpeldin/Documents/4IR/S8/ProjetSystemInfo/processeur/PSI_processor/alu.vhd" Line 78: <ctrl_alu> is not declared.
ERROR:HDLCompiler:69 - "/home/erpeldin/Documents/4IR/S8/ProjetSystemInfo/processeur/PSI_processor/alu.vhd" Line 79: <ctrl_alu> is not declared.
ERROR:HDLCompiler:806 - "/home/erpeldin/Documents/4IR/S8/ProjetSystemInfo/processeur/PSI_processor/alu.vhd" Line 82: Syntax error near "when".
ERROR:HDLCompiler:69 - "/home/erpeldin/Documents/4IR/S8/ProjetSystemInfo/processeur/PSI_processor/alu.vhd" Line 86: <ctrl_alu> is not declared.
Sorry, too many errors..
--> 


Total memory usage is 310708 kilobytes

Number of errors   :   19 (   0 filtered)
Number of warnings :    0 (   0 filtered)
Number of infos    :    1 (   0 filtered)

