Running: /usr/local/insa/Xilinx.ISE/13.4/ISE_DS/ISE/bin/lin64/unwrapped/fuse -intstyle ise -incremental -lib secureip -o /home/erpeldin/Documents/4IR/S8/ProjetSystemInfo/processeur/PSI_processor/test_counter_isim_beh.exe -prj /home/erpeldin/Documents/4IR/S8/ProjetSystemInfo/processeur/PSI_processor/test_counter_beh.prj work.test_counter 
ISim O.87xd (signature 0x8ddf5b5d)
Number of CPUs detected in this system: 12
Turning on mult-threading, number of parallel sub-compilation jobs: 24 
Determining compilation order of HDL files
Parsing VHDL file " " into library work
Parsing VHDL file " " into library work
Starting static elaboration
Completed static elaboration
Fuse Memory Usage: 96760 KB
Fuse CPU Usage: 1230 ms
Compiling package standard
Compiling package std_logic_1164
Compiling package std_logic_arith
Compiling package std_logic_unsigned
Compiling architecture behavioral of entity counter [counter_default]
Compiling architecture behavior of entity test_counter
Time Resolution for simulation is 1ps.
Waiting for 1 sub-compilation(s) to finish...
Compiled 7 VHDL Units
Built simulation executable /home/erpeldin/Documents/4IR/S8/ProjetSystemInfo/processeur/PSI_processor/test_counter_isim_beh.exe
Fuse Memory Usage: 1717652 KB
Fuse CPU Usage: 1360 ms
GCC CPU Usage: 2350 ms
